# JRE version: OpenJDK Runtime Environment Microsoft-8035246 (17.0.8+7) (build 17.0.8+7-LTS)
# Java VM: OpenJDK 64-Bit Server VM Microsoft-8035246 (17.0.8+7-LTS, mixed mode, sharing, tiered, compressed oops, compressed class ptrs, g1 gc, windows-amd64)
GC Precious Log:
 CPUs: 4 total, 4 available
 Memory: 6078M
 Large Page Support: Disabled
 NUMA Support: Disabled
 Compressed Oops: Enabled (32-bit)
 Heap Region Size: 1M
 Heap Min Capacity: 8M
 Heap Initial Capacity: 96M
 Heap Max Capacity: 2G
 Pre-touch: Disabled
 Parallel Workers: 4
 Concurrent Workers: 1
 Concurrent Refinement Workers: 4
 Periodic GC: Disabled
Heap:
 garbage-first heap   total 444416K, used 319758K [0x0000000080000000, 0x0000000100000000)
  region size 1024K, 125 young (128000K), 13 survivors (13312K)
 Metaspace       used 111895K, committed 113216K, reserved 557056K
  class space    used 15490K, committed 16128K, reserved 425984K
GC Heap History (20 events):
Event: 43.365 GC heap before
{Heap before GC invocations=31 (full 0):
 garbage-first heap   total 269312K, used 217333K [0x0000000080000000, 0x0000000100000000)
  region size 1024K, 140 young (143360K), 1 survivors (1024K)
 Metaspace       used 75596K, committed 76352K, reserved 557056K
  class space    used 10626K, committed 11008K, reserved 425984K
}
Event: 43.388 GC heap after
{Heap after GC invocations=32 (full 0):
 garbage-first heap   total 269312K, used 91628K [0x0000000080000000, 0x0000000100000000)
  region size 1024K, 17 young (17408K), 17 survivors (17408K)
 Metaspace       used 75596K, committed 76352K, reserved 557056K
  class space    used 10626K, committed 11008K, reserved 425984K
}
Event: 45.206 GC heap before
{Heap before GC invocations=32 (full 0):
 garbage-first heap   total 269312K, used 211436K [0x0000000080000000, 0x0000000100000000)
  region size 1024K, 128 young (131072K), 17 survivors (17408K)
 Metaspace       used 83143K, committed 83904K, reserved 557056K
  class space    used 11560K, committed 11904K, reserved 425984K
}
Event: 45.231 GC heap after
{Heap after GC invocations=33 (full 0):
 garbage-first heap   total 269312K, used 98870K [0x0000000080000000, 0x0000000100000000)
  region size 1024K, 8 young (8192K), 8 survivors (8192K)
 Metaspace       used 83143K, committed 83904K, reserved 557056K
  class space    used 11560K, committed 11904K, reserved 425984K
}
Event: 50.282 GC heap before
{Heap before GC invocations=33 (full 0):
 garbage-first heap   total 269312K, used 208438K [0x0000000080000000, 0x0000000100000000)
  region size 1024K, 115 young (117760K), 8 survivors (8192K)
 Metaspace       used 88151K, committed 89024K, reserved 557056K
  class space    used 12257K, committed 12672K, reserved 425984K
}
Event: 50.304 GC heap after
{Heap after GC invocations=34 (full 0):
 garbage-first heap   total 269312K, used 105249K [0x0000000080000000, 0x0000000100000000)
  region size 1024K, 14 young (14336K), 14 survivors (14336K)
 Metaspace       used 88151K, committed 89024K, reserved 557056K
  class space    used 12257K, committed 12672K, reserved 425984K
}
Event: 51.954 GC heap before
{Heap before GC invocations=34 (full 0):
 garbage-first heap   total 269312K, used 213793K [0x0000000080000000, 0x0000000100000000)
  region size 1024K, 120 young (122880K), 14 survivors (14336K)
 Metaspace       used 95392K, committed 96320K, reserved 557056K
  class space    used 13424K, committed 13888K, reserved 425984K
}
Event: 51.978 GC heap after
{Heap after GC invocations=35 (full 0):
 garbage-first heap   total 269312K, used 109497K [0x0000000080000000, 0x0000000100000000)
  region size 1024K, 11 young (11264K), 11 survivors (11264K)
 Metaspace       used 95392K, committed 96320K, reserved 557056K
  class space    used 13424K, committed 13888K, reserved 425984K
}
Event: 54.064 GC heap before
{Heap before GC invocations=35 (full 0):
 garbage-first heap   total 269312K, used 218041K [0x0000000080000000, 0x0000000100000000)
  region size 1024K, 118 young (120832K), 11 survivors (11264K)
 Metaspace       used 98866K, committed 99904K, reserved 557056K
  class space    used 13917K, committed 14400K, reserved 425984K
}
Event: 54.117 GC heap after
{Heap after GC invocations=36 (full 0):
 garbage-first heap   total 269312K, used 123645K [0x0000000080000000, 0x0000000100000000)
  region size 1024K, 15 young (15360K), 15 survivors (15360K)
 Metaspace       used 98866K, committed 99904K, reserved 557056K
  class space    used 13917K, committed 14400K, reserved 425984K
}
Event: 56.314 GC heap before
{Heap before GC invocations=36 (full 0):
 garbage-first heap   total 269312K, used 221949K [0x0000000080000000, 0x0000000100000000)
  region size 1024K, 104 young (106496K), 15 survivors (15360K)
 Metaspace       used 101514K, committed 102592K, reserved 557056K
  class space    used 14193K, committed 14656K, reserved 425984K
}
Event: 56.364 GC heap after
{Heap after GC invocations=37 (full 0):
 garbage-first heap   total 269312K, used 153004K [0x0000000080000000, 0x0000000100000000)
  region size 1024K, 13 young (13312K), 13 survivors (13312K)
 Metaspace       used 101514K, committed 102592K, reserved 557056K
  class space    used 14193K, committed 14656K, reserved 425984K
}
Event: 57.516 GC heap before
{Heap before GC invocations=37 (full 0):
 garbage-first heap   total 269312K, used 215468K [0x0000000080000000, 0x0000000100000000)
  region size 1024K, 73 young (74752K), 13 survivors (13312K)
 Metaspace       used 103316K, committed 104512K, reserved 557056K
  class space    used 14393K, committed 14912K, reserved 425984K
}
Event: 57.549 GC heap after
{Heap after GC invocations=38 (full 0):
 garbage-first heap   total 269312K, used 165376K [0x0000000080000000, 0x0000000100000000)
  region size 1024K, 10 young (10240K), 10 survivors (10240K)
 Metaspace       used 103316K, committed 104512K, reserved 557056K
  class space    used 14393K, committed 14912K, reserved 425984K
}
Event: 58.816 GC heap before
{Heap before GC invocations=38 (full 0):
 garbage-first heap   total 269312K, used 217600K [0x0000000080000000, 0x0000000100000000)
  region size 1024K, 60 young (61440K), 10 survivors (10240K)
 Metaspace       used 103842K, committed 105024K, reserved 557056K
  class space    used 14458K, committed 14976K, reserved 425984K
}
Event: 58.851 GC heap after
{Heap after GC invocations=39 (full 0):
 garbage-first heap   total 444416K, used 177664K [0x0000000080000000, 0x0000000100000000)
  region size 1024K, 8 young (8192K), 8 survivors (8192K)
 Metaspace       used 103842K, committed 105024K, reserved 557056K
  class space    used 14458K, committed 14976K, reserved 425984K
}
Event: 62.059 GC heap before
{Heap before GC invocations=39 (full 0):
 garbage-first heap   total 444416K, used 315904K [0x0000000080000000, 0x0000000100000000)
  region size 1024K, 143 young (146432K), 8 survivors (8192K)
 Metaspace       used 110491K, committed 111744K, reserved 557056K
  class space    used 15352K, committed 15936K, reserved 425984K
}
Event: 62.115 GC heap after
{Heap after GC invocations=40 (full 0):
 garbage-first heap   total 444416K, used 192512K [0x0000000080000000, 0x0000000100000000)
  region size 1024K, 18 young (18432K), 18 survivors (18432K)
 Metaspace       used 110491K, committed 111744K, reserved 557056K
  class space    used 15352K, committed 15936K, reserved 425984K
}
Event: 64.779 GC heap before
{Heap before GC invocations=40 (full 0):
 garbage-first heap   total 444416K, used 327680K [0x0000000080000000, 0x0000000100000000)
  region size 1024K, 150 young (153600K), 18 survivors (18432K)
 Metaspace       used 111588K, committed 112896K, reserved 557056K
  class space    used 15449K, committed 16064K, reserved 425984K
}
Event: 64.835 GC heap after
{Heap after GC invocations=41 (full 0):
 garbage-first heap   total 444416K, used 206094K [0x0000000080000000, 0x0000000100000000)
  region size 1024K, 13 young (13312K), 13 survivors (13312K)
 Metaspace       used 111588K, committed 112896K, reserved 557056K
  class space    used 15449K, committed 16064K, reserved 425984K
}

